[5.223s] DEBUG:colcon:Command line arguments: ['/usr/bin/colcon', 'build']
[5.223s] DEBUG:colcon:Parsed command line arguments: Namespace(allow_overriding=[], ament_cmake_args=None, base_paths=['.'], build_base='build', catkin_cmake_args=None, catkin_skip_building_tests=False, cmake_args=None, cmake_clean_cache=False, cmake_clean_first=False, cmake_force_configure=False, cmake_target=None, cmake_target_skip_unavailable=False, continue_on_error=False, event_handlers=None, executor='parallel', ignore_user_meta=False, install_base='install', log_base=None, log_level=None, main=<bound method BuildVerb.main of <colcon_core.verb.build.BuildVerb object at 0xffff9cf14760>>, merge_install=False, metas=['./colcon.meta'], packages_above=None, packages_above_and_dependencies=None, packages_above_depth=None, packages_end=None, packages_ignore=None, packages_ignore_regex=None, packages_select=None, packages_select_build_failed=False, packages_select_by_dep=None, packages_select_regex=None, packages_select_test_failures=False, packages_skip=None, packages_skip_build_finished=False, packages_skip_by_dep=None, packages_skip_regex=None, packages_skip_test_passed=False, packages_skip_up_to=None, packages_start=None, packages_up_to=None, packages_up_to_regex=None, parallel_workers=6, paths=None, symlink_install=False, test_result_base=None, verb_extension=<colcon_core.verb.build.BuildVerb object at 0xffff9cf14760>, verb_name='build', verb_parser=<colcon_defaults.argument_parser.defaults.DefaultArgumentsDecorator object at 0xffff9cae2b80>)
[5.453s] Level 1:colcon.colcon_core.package_discovery:discover_packages(colcon_meta) check parameters
[5.453s] Level 1:colcon.colcon_core.package_discovery:discover_packages(recursive) check parameters
[5.453s] Level 1:colcon.colcon_core.package_discovery:discover_packages(ignore) check parameters
[5.453s] Level 1:colcon.colcon_core.package_discovery:discover_packages(path) check parameters
[5.454s] Level 1:colcon.colcon_core.package_discovery:discover_packages(colcon_meta) discover
[5.454s] Level 1:colcon.colcon_core.package_discovery:discover_packages(recursive) discover
[5.454s] INFO:colcon.colcon_core.package_discovery:Crawling recursively for packages in '/home/orin_nano/demo/src'
[5.454s] Level 1:colcon.colcon_core.package_identification:_identify(.) by extensions ['ignore', 'ignore_ament_install']
[5.454s] Level 1:colcon.colcon_core.package_identification:_identify(.) by extension 'ignore'
[5.454s] Level 1:colcon.colcon_core.package_identification:_identify(.) by extension 'ignore_ament_install'
[5.454s] Level 1:colcon.colcon_core.package_identification:_identify(.) by extensions ['colcon_pkg']
[5.455s] Level 1:colcon.colcon_core.package_identification:_identify(.) by extension 'colcon_pkg'
[5.455s] Level 1:colcon.colcon_core.package_identification:_identify(.) by extensions ['colcon_meta']
[5.455s] Level 1:colcon.colcon_core.package_identification:_identify(.) by extension 'colcon_meta'
[5.455s] Level 1:colcon.colcon_core.package_identification:_identify(.) by extensions ['ros']
[5.455s] Level 1:colcon.colcon_core.package_identification:_identify(.) by extension 'ros'
[5.476s] Level 1:colcon.colcon_core.package_identification:_identify(.) by extensions ['cmake', 'python']
[5.476s] Level 1:colcon.colcon_core.package_identification:_identify(.) by extension 'cmake'
[5.476s] Level 1:colcon.colcon_core.package_identification:_identify(.) by extension 'python'
[5.477s] Level 1:colcon.colcon_core.package_identification:_identify(.) by extensions ['python_setup_py']
[5.477s] Level 1:colcon.colcon_core.package_identification:_identify(.) by extension 'python_setup_py'
[5.477s] Level 1:colcon.colcon_core.package_identification:_identify(INC493) by extensions ['ignore', 'ignore_ament_install']
[5.477s] Level 1:colcon.colcon_core.package_identification:_identify(INC493) by extension 'ignore'
[5.477s] Level 1:colcon.colcon_core.package_identification:_identify(INC493) by extension 'ignore_ament_install'
[5.477s] Level 1:colcon.colcon_core.package_identification:_identify(INC493) by extensions ['colcon_pkg']
[5.478s] Level 1:colcon.colcon_core.package_identification:_identify(INC493) by extension 'colcon_pkg'
[5.478s] Level 1:colcon.colcon_core.package_identification:_identify(INC493) by extensions ['colcon_meta']
[5.478s] Level 1:colcon.colcon_core.package_identification:_identify(INC493) by extension 'colcon_meta'
[5.478s] Level 1:colcon.colcon_core.package_identification:_identify(INC493) by extensions ['ros']
[5.478s] Level 1:colcon.colcon_core.package_identification:_identify(INC493) by extension 'ros'
[5.478s] Level 1:colcon.colcon_core.package_identification:_identify(INC493) by extensions ['cmake', 'python']
[5.478s] Level 1:colcon.colcon_core.package_identification:_identify(INC493) by extension 'cmake'
[5.478s] Level 1:colcon.colcon_core.package_identification:_identify(INC493) by extension 'python'
[5.478s] Level 1:colcon.colcon_core.package_identification:_identify(INC493) by extensions ['python_setup_py']
[5.478s] Level 1:colcon.colcon_core.package_identification:_identify(INC493) by extension 'python_setup_py'
[5.479s] Level 1:colcon.colcon_core.package_identification:_identify(INC493/joy) by extensions ['ignore', 'ignore_ament_install']
[5.479s] Level 1:colcon.colcon_core.package_identification:_identify(INC493/joy) by extension 'ignore'
[5.479s] Level 1:colcon.colcon_core.package_identification:_identify(INC493/joy) by extension 'ignore_ament_install'
[5.479s] Level 1:colcon.colcon_core.package_identification:_identify(INC493/joy) by extensions ['colcon_pkg']
[5.479s] Level 1:colcon.colcon_core.package_identification:_identify(INC493/joy) by extension 'colcon_pkg'
[5.479s] Level 1:colcon.colcon_core.package_identification:_identify(INC493/joy) by extensions ['colcon_meta']
[5.479s] Level 1:colcon.colcon_core.package_identification:_identify(INC493/joy) by extension 'colcon_meta'
[5.479s] Level 1:colcon.colcon_core.package_identification:_identify(INC493/joy) by extensions ['ros']
[5.479s] Level 1:colcon.colcon_core.package_identification:_identify(INC493/joy) by extension 'ros'
[5.485s] DEBUG:colcon.colcon_core.package_identification:Package 'INC493/joy' with type 'ros.ament_cmake' and name 'joy'
[5.485s] Level 1:colcon.colcon_core.package_identification:_identify(INC493/vesc_foxy) by extensions ['ignore', 'ignore_ament_install']
[5.485s] Level 1:colcon.colcon_core.package_identification:_identify(INC493/vesc_foxy) by extension 'ignore'
[5.485s] Level 1:colcon.colcon_core.package_identification:_identify(INC493/vesc_foxy) by extension 'ignore_ament_install'
[5.486s] Level 1:colcon.colcon_core.package_identification:_identify(INC493/vesc_foxy) by extensions ['colcon_pkg']
[5.486s] Level 1:colcon.colcon_core.package_identification:_identify(INC493/vesc_foxy) by extension 'colcon_pkg'
[5.486s] Level 1:colcon.colcon_core.package_identification:_identify(INC493/vesc_foxy) by extensions ['colcon_meta']
[5.486s] Level 1:colcon.colcon_core.package_identification:_identify(INC493/vesc_foxy) by extension 'colcon_meta'
[5.486s] Level 1:colcon.colcon_core.package_identification:_identify(INC493/vesc_foxy) by extensions ['ros']
[5.486s] Level 1:colcon.colcon_core.package_identification:_identify(INC493/vesc_foxy) by extension 'ros'
[5.486s] Level 1:colcon.colcon_core.package_identification:_identify(INC493/vesc_foxy) by extensions ['cmake', 'python']
[5.486s] Level 1:colcon.colcon_core.package_identification:_identify(INC493/vesc_foxy) by extension 'cmake'
[5.486s] Level 1:colcon.colcon_core.package_identification:_identify(INC493/vesc_foxy) by extension 'python'
[5.486s] Level 1:colcon.colcon_core.package_identification:_identify(INC493/vesc_foxy) by extensions ['python_setup_py']
[5.487s] Level 1:colcon.colcon_core.package_identification:_identify(INC493/vesc_foxy) by extension 'python_setup_py'
[5.487s] Level 1:colcon.colcon_core.package_identification:_identify(INC493/vesc_foxy/vesc) by extensions ['ignore', 'ignore_ament_install']
[5.487s] Level 1:colcon.colcon_core.package_identification:_identify(INC493/vesc_foxy/vesc) by extension 'ignore'
[5.487s] Level 1:colcon.colcon_core.package_identification:_identify(INC493/vesc_foxy/vesc) by extension 'ignore_ament_install'
[5.487s] Level 1:colcon.colcon_core.package_identification:_identify(INC493/vesc_foxy/vesc) by extensions ['colcon_pkg']
[5.487s] Level 1:colcon.colcon_core.package_identification:_identify(INC493/vesc_foxy/vesc) by extension 'colcon_pkg'
[5.488s] Level 1:colcon.colcon_core.package_identification:_identify(INC493/vesc_foxy/vesc) by extensions ['colcon_meta']
[5.488s] Level 1:colcon.colcon_core.package_identification:_identify(INC493/vesc_foxy/vesc) by extension 'colcon_meta'
[5.488s] Level 1:colcon.colcon_core.package_identification:_identify(INC493/vesc_foxy/vesc) by extensions ['ros']
[5.488s] Level 1:colcon.colcon_core.package_identification:_identify(INC493/vesc_foxy/vesc) by extension 'ros'
[5.489s] DEBUG:colcon.colcon_core.package_identification:Package 'INC493/vesc_foxy/vesc' with type 'ros.ament_cmake' and name 'vesc'
[5.489s] Level 1:colcon.colcon_core.package_identification:_identify(INC493/vesc_foxy/vesc_ackermann) by extensions ['ignore', 'ignore_ament_install']
[5.489s] Level 1:colcon.colcon_core.package_identification:_identify(INC493/vesc_foxy/vesc_ackermann) by extension 'ignore'
[5.490s] Level 1:colcon.colcon_core.package_identification:_identify(INC493/vesc_foxy/vesc_ackermann) by extension 'ignore_ament_install'
[5.490s] Level 1:colcon.colcon_core.package_identification:_identify(INC493/vesc_foxy/vesc_ackermann) by extensions ['colcon_pkg']
[5.490s] Level 1:colcon.colcon_core.package_identification:_identify(INC493/vesc_foxy/vesc_ackermann) by extension 'colcon_pkg'
[5.490s] Level 1:colcon.colcon_core.package_identification:_identify(INC493/vesc_foxy/vesc_ackermann) by extensions ['colcon_meta']
[5.490s] Level 1:colcon.colcon_core.package_identification:_identify(INC493/vesc_foxy/vesc_ackermann) by extension 'colcon_meta'
[5.490s] Level 1:colcon.colcon_core.package_identification:_identify(INC493/vesc_foxy/vesc_ackermann) by extensions ['ros']
[5.490s] Level 1:colcon.colcon_core.package_identification:_identify(INC493/vesc_foxy/vesc_ackermann) by extension 'ros'
[5.492s] DEBUG:colcon.colcon_core.package_identification:Package 'INC493/vesc_foxy/vesc_ackermann' with type 'ros.ament_cmake' and name 'vesc_ackermann'
[5.492s] Level 1:colcon.colcon_core.package_identification:_identify(INC493/vesc_foxy/vesc_driver) by extensions ['ignore', 'ignore_ament_install']
[5.492s] Level 1:colcon.colcon_core.package_identification:_identify(INC493/vesc_foxy/vesc_driver) by extension 'ignore'
[5.493s] Level 1:colcon.colcon_core.package_identification:_identify(INC493/vesc_foxy/vesc_driver) by extension 'ignore_ament_install'
[5.493s] Level 1:colcon.colcon_core.package_identification:_identify(INC493/vesc_foxy/vesc_driver) by extensions ['colcon_pkg']
[5.493s] Level 1:colcon.colcon_core.package_identification:_identify(INC493/vesc_foxy/vesc_driver) by extension 'colcon_pkg'
[5.493s] Level 1:colcon.colcon_core.package_identification:_identify(INC493/vesc_foxy/vesc_driver) by extensions ['colcon_meta']
[5.493s] Level 1:colcon.colcon_core.package_identification:_identify(INC493/vesc_foxy/vesc_driver) by extension 'colcon_meta'
[5.493s] Level 1:colcon.colcon_core.package_identification:_identify(INC493/vesc_foxy/vesc_driver) by extensions ['ros']
[5.493s] Level 1:colcon.colcon_core.package_identification:_identify(INC493/vesc_foxy/vesc_driver) by extension 'ros'
[5.495s] DEBUG:colcon.colcon_core.package_identification:Package 'INC493/vesc_foxy/vesc_driver' with type 'ros.ament_cmake' and name 'vesc_driver'
[5.495s] Level 1:colcon.colcon_core.package_identification:_identify(INC493/vesc_foxy/vesc_msgs) by extensions ['ignore', 'ignore_ament_install']
[5.495s] Level 1:colcon.colcon_core.package_identification:_identify(INC493/vesc_foxy/vesc_msgs) by extension 'ignore'
[5.495s] Level 1:colcon.colcon_core.package_identification:_identify(INC493/vesc_foxy/vesc_msgs) by extension 'ignore_ament_install'
[5.496s] Level 1:colcon.colcon_core.package_identification:_identify(INC493/vesc_foxy/vesc_msgs) by extensions ['colcon_pkg']
[5.496s] Level 1:colcon.colcon_core.package_identification:_identify(INC493/vesc_foxy/vesc_msgs) by extension 'colcon_pkg'
[5.496s] Level 1:colcon.colcon_core.package_identification:_identify(INC493/vesc_foxy/vesc_msgs) by extensions ['colcon_meta']
[5.496s] Level 1:colcon.colcon_core.package_identification:_identify(INC493/vesc_foxy/vesc_msgs) by extension 'colcon_meta'
[5.496s] Level 1:colcon.colcon_core.package_identification:_identify(INC493/vesc_foxy/vesc_msgs) by extensions ['ros']
[5.496s] Level 1:colcon.colcon_core.package_identification:_identify(INC493/vesc_foxy/vesc_msgs) by extension 'ros'
[5.498s] DEBUG:colcon.colcon_core.package_identification:Package 'INC493/vesc_foxy/vesc_msgs' with type 'ros.ament_cmake' and name 'vesc_msgs'
[5.498s] Level 1:colcon.colcon_core.package_identification:_identify(build) by extensions ['ignore', 'ignore_ament_install']
[5.498s] Level 1:colcon.colcon_core.package_identification:_identify(build) by extension 'ignore'
[5.498s] Level 1:colcon.colcon_core.package_identification:_identify(build) ignored
[5.498s] Level 1:colcon.colcon_core.package_identification:_identify(combine_pkg) by extensions ['ignore', 'ignore_ament_install']
[5.499s] Level 1:colcon.colcon_core.package_identification:_identify(combine_pkg) by extension 'ignore'
[5.499s] Level 1:colcon.colcon_core.package_identification:_identify(combine_pkg) by extension 'ignore_ament_install'
[5.499s] Level 1:colcon.colcon_core.package_identification:_identify(combine_pkg) by extensions ['colcon_pkg']
[5.499s] Level 1:colcon.colcon_core.package_identification:_identify(combine_pkg) by extension 'colcon_pkg'
[5.499s] Level 1:colcon.colcon_core.package_identification:_identify(combine_pkg) by extensions ['colcon_meta']
[5.499s] Level 1:colcon.colcon_core.package_identification:_identify(combine_pkg) by extension 'colcon_meta'
[5.499s] Level 1:colcon.colcon_core.package_identification:_identify(combine_pkg) by extensions ['ros']
[5.499s] Level 1:colcon.colcon_core.package_identification:_identify(combine_pkg) by extension 'ros'
[5.500s] DEBUG:colcon.colcon_core.package_identification:Package 'combine_pkg' with type 'ros.ament_cmake' and name 'combine_pkg'
[5.500s] Level 1:colcon.colcon_core.package_identification:_identify(install) by extensions ['ignore', 'ignore_ament_install']
[5.500s] Level 1:colcon.colcon_core.package_identification:_identify(install) by extension 'ignore'
[5.500s] Level 1:colcon.colcon_core.package_identification:_identify(install) ignored
[5.501s] Level 1:colcon.colcon_core.package_identification:_identify(joy) by extensions ['ignore', 'ignore_ament_install']
[5.501s] Level 1:colcon.colcon_core.package_identification:_identify(joy) by extension 'ignore'
[5.501s] Level 1:colcon.colcon_core.package_identification:_identify(joy) by extension 'ignore_ament_install'
[5.501s] Level 1:colcon.colcon_core.package_identification:_identify(joy) by extensions ['colcon_pkg']
[5.501s] Level 1:colcon.colcon_core.package_identification:_identify(joy) by extension 'colcon_pkg'
[5.501s] Level 1:colcon.colcon_core.package_identification:_identify(joy) by extensions ['colcon_meta']
[5.501s] Level 1:colcon.colcon_core.package_identification:_identify(joy) by extension 'colcon_meta'
[5.502s] Level 1:colcon.colcon_core.package_identification:_identify(joy) by extensions ['ros']
[5.502s] Level 1:colcon.colcon_core.package_identification:_identify(joy) by extension 'ros'
[5.503s] DEBUG:colcon.colcon_core.package_identification:Package 'joy' with type 'ros.ament_cmake' and name 'joy'
[5.503s] Level 1:colcon.colcon_core.package_identification:_identify(log) by extensions ['ignore', 'ignore_ament_install']
[5.503s] Level 1:colcon.colcon_core.package_identification:_identify(log) by extension 'ignore'
[5.504s] Level 1:colcon.colcon_core.package_identification:_identify(log) ignored
[5.504s] Level 1:colcon.colcon_core.package_identification:_identify(vesc_foxy) by extensions ['ignore', 'ignore_ament_install']
[5.504s] Level 1:colcon.colcon_core.package_identification:_identify(vesc_foxy) by extension 'ignore'
[5.504s] Level 1:colcon.colcon_core.package_identification:_identify(vesc_foxy) by extension 'ignore_ament_install'
[5.504s] Level 1:colcon.colcon_core.package_identification:_identify(vesc_foxy) by extensions ['colcon_pkg']
[5.504s] Level 1:colcon.colcon_core.package_identification:_identify(vesc_foxy) by extension 'colcon_pkg'
[5.504s] Level 1:colcon.colcon_core.package_identification:_identify(vesc_foxy) by extensions ['colcon_meta']
[5.504s] Level 1:colcon.colcon_core.package_identification:_identify(vesc_foxy) by extension 'colcon_meta'
[5.505s] Level 1:colcon.colcon_core.package_identification:_identify(vesc_foxy) by extensions ['ros']
[5.505s] Level 1:colcon.colcon_core.package_identification:_identify(vesc_foxy) by extension 'ros'
[5.505s] Level 1:colcon.colcon_core.package_identification:_identify(vesc_foxy) by extensions ['cmake', 'python']
[5.505s] Level 1:colcon.colcon_core.package_identification:_identify(vesc_foxy) by extension 'cmake'
[5.505s] Level 1:colcon.colcon_core.package_identification:_identify(vesc_foxy) by extension 'python'
[5.505s] Level 1:colcon.colcon_core.package_identification:_identify(vesc_foxy) by extensions ['python_setup_py']
[5.505s] Level 1:colcon.colcon_core.package_identification:_identify(vesc_foxy) by extension 'python_setup_py'
[5.505s] Level 1:colcon.colcon_core.package_identification:_identify(vesc_foxy/vesc) by extensions ['ignore', 'ignore_ament_install']
[5.505s] Level 1:colcon.colcon_core.package_identification:_identify(vesc_foxy/vesc) by extension 'ignore'
[5.506s] Level 1:colcon.colcon_core.package_identification:_identify(vesc_foxy/vesc) by extension 'ignore_ament_install'
[5.506s] Level 1:colcon.colcon_core.package_identification:_identify(vesc_foxy/vesc) by extensions ['colcon_pkg']
[5.506s] Level 1:colcon.colcon_core.package_identification:_identify(vesc_foxy/vesc) by extension 'colcon_pkg'
[5.506s] Level 1:colcon.colcon_core.package_identification:_identify(vesc_foxy/vesc) by extensions ['colcon_meta']
[5.506s] Level 1:colcon.colcon_core.package_identification:_identify(vesc_foxy/vesc) by extension 'colcon_meta'
[5.506s] Level 1:colcon.colcon_core.package_identification:_identify(vesc_foxy/vesc) by extensions ['ros']
[5.506s] Level 1:colcon.colcon_core.package_identification:_identify(vesc_foxy/vesc) by extension 'ros'
[5.507s] DEBUG:colcon.colcon_core.package_identification:Package 'vesc_foxy/vesc' with type 'ros.ament_cmake' and name 'vesc'
[5.507s] Level 1:colcon.colcon_core.package_identification:_identify(vesc_foxy/vesc_ackermann) by extensions ['ignore', 'ignore_ament_install']
[5.507s] Level 1:colcon.colcon_core.package_identification:_identify(vesc_foxy/vesc_ackermann) by extension 'ignore'
[5.508s] Level 1:colcon.colcon_core.package_identification:_identify(vesc_foxy/vesc_ackermann) by extension 'ignore_ament_install'
[5.508s] Level 1:colcon.colcon_core.package_identification:_identify(vesc_foxy/vesc_ackermann) by extensions ['colcon_pkg']
[5.508s] Level 1:colcon.colcon_core.package_identification:_identify(vesc_foxy/vesc_ackermann) by extension 'colcon_pkg'
[5.508s] Level 1:colcon.colcon_core.package_identification:_identify(vesc_foxy/vesc_ackermann) by extensions ['colcon_meta']
[5.508s] Level 1:colcon.colcon_core.package_identification:_identify(vesc_foxy/vesc_ackermann) by extension 'colcon_meta'
[5.508s] Level 1:colcon.colcon_core.package_identification:_identify(vesc_foxy/vesc_ackermann) by extensions ['ros']
[5.508s] Level 1:colcon.colcon_core.package_identification:_identify(vesc_foxy/vesc_ackermann) by extension 'ros'
[5.510s] DEBUG:colcon.colcon_core.package_identification:Package 'vesc_foxy/vesc_ackermann' with type 'ros.ament_cmake' and name 'vesc_ackermann'
[5.511s] Level 1:colcon.colcon_core.package_identification:_identify(vesc_foxy/vesc_driver) by extensions ['ignore', 'ignore_ament_install']
[5.511s] Level 1:colcon.colcon_core.package_identification:_identify(vesc_foxy/vesc_driver) by extension 'ignore'
[5.511s] Level 1:colcon.colcon_core.package_identification:_identify(vesc_foxy/vesc_driver) by extension 'ignore_ament_install'
[5.511s] Level 1:colcon.colcon_core.package_identification:_identify(vesc_foxy/vesc_driver) by extensions ['colcon_pkg']
[5.511s] Level 1:colcon.colcon_core.package_identification:_identify(vesc_foxy/vesc_driver) by extension 'colcon_pkg'
[5.511s] Level 1:colcon.colcon_core.package_identification:_identify(vesc_foxy/vesc_driver) by extensions ['colcon_meta']
[5.511s] Level 1:colcon.colcon_core.package_identification:_identify(vesc_foxy/vesc_driver) by extension 'colcon_meta'
[5.511s] Level 1:colcon.colcon_core.package_identification:_identify(vesc_foxy/vesc_driver) by extensions ['ros']
[5.511s] Level 1:colcon.colcon_core.package_identification:_identify(vesc_foxy/vesc_driver) by extension 'ros'
[5.513s] DEBUG:colcon.colcon_core.package_identification:Package 'vesc_foxy/vesc_driver' with type 'ros.ament_cmake' and name 'vesc_driver'
[5.513s] Level 1:colcon.colcon_core.package_identification:_identify(vesc_foxy/vesc_msgs) by extensions ['ignore', 'ignore_ament_install']
[5.514s] Level 1:colcon.colcon_core.package_identification:_identify(vesc_foxy/vesc_msgs) by extension 'ignore'
[5.514s] Level 1:colcon.colcon_core.package_identification:_identify(vesc_foxy/vesc_msgs) by extension 'ignore_ament_install'
[5.514s] Level 1:colcon.colcon_core.package_identification:_identify(vesc_foxy/vesc_msgs) by extensions ['colcon_pkg']
[5.514s] Level 1:colcon.colcon_core.package_identification:_identify(vesc_foxy/vesc_msgs) by extension 'colcon_pkg'
[5.514s] Level 1:colcon.colcon_core.package_identification:_identify(vesc_foxy/vesc_msgs) by extensions ['colcon_meta']
[5.514s] Level 1:colcon.colcon_core.package_identification:_identify(vesc_foxy/vesc_msgs) by extension 'colcon_meta'
[5.514s] Level 1:colcon.colcon_core.package_identification:_identify(vesc_foxy/vesc_msgs) by extensions ['ros']
[5.514s] Level 1:colcon.colcon_core.package_identification:_identify(vesc_foxy/vesc_msgs) by extension 'ros'
[5.516s] DEBUG:colcon.colcon_core.package_identification:Package 'vesc_foxy/vesc_msgs' with type 'ros.ament_cmake' and name 'vesc_msgs'
[5.516s] Level 1:colcon.colcon_core.package_discovery:discover_packages(recursive) using defaults
[5.516s] Level 1:colcon.colcon_core.package_discovery:discover_packages(ignore) discover
[5.516s] Level 1:colcon.colcon_core.package_discovery:discover_packages(ignore) using defaults
[5.516s] Level 1:colcon.colcon_core.package_discovery:discover_packages(path) discover
[5.516s] Level 1:colcon.colcon_core.package_discovery:discover_packages(path) using defaults
[5.998s] Level 1:colcon.colcon_core.package_discovery:discover_packages(prefix_path) check parameters
[5.998s] Level 1:colcon.colcon_core.package_discovery:discover_packages(prefix_path) discover
[6.177s] DEBUG:colcon.colcon_installed_package_information.package_discovery:Found 260 installed packages in /opt/ros/foxy
[6.206s] Level 1:colcon.colcon_core.package_discovery:discover_packages(prefix_path) using defaults
[6.432s] WARNING:colcon.colcon_core.package_selection:Some selected packages are already built in one or more underlay workspaces:
	'joy' is in: /opt/ros/foxy
If a package in a merged underlay workspace is overridden and it installs headers, then all packages in the overlay must sort their include directories by workspace order. Failure to do so may result in build failures or undefined behavior at run time.
If the overridden package is used by another package in any underlay, then the overriding package in the overlay must be API and ABI compatible or undefined behavior at run time may occur.

If you understand the risks and want to override a package anyways, add the following to the command line:
	--allow-overriding joy

This may be promoted to an error in a future release of colcon-override-check.
[6.433s] ERROR:colcon:colcon build: Duplicate package names not supported:
- joy:
  - INC493/joy
  - joy
- vesc:
  - INC493/vesc_foxy/vesc
  - vesc_foxy/vesc
- vesc_ackermann:
  - INC493/vesc_foxy/vesc_ackermann
  - vesc_foxy/vesc_ackermann
- vesc_driver:
  - INC493/vesc_foxy/vesc_driver
  - vesc_foxy/vesc_driver
- vesc_msgs:
  - INC493/vesc_foxy/vesc_msgs
  - vesc_foxy/vesc_msgs
